<?xml version="1.0" encoding="UTF-8"?>
<testsuite xmlns:xsi="http://www.w3.org/2001/XMLSchema-instance" xsi:noNamespaceSchemaLocation="https://maven.apache.org/surefire/maven-surefire-plugin/xsd/surefire-test-report-3.0.xsd" version="3.0" name="br.senac.go.AppTest" time="5.129" tests="1" errors="0" skipped="0" failures="0">
  <properties>
[...]
</properties>
  <testcase name="contextLoads" classname="br.senac.go.AppTest" time="0.514">
    <system-out><![CDATA[21:00:17.927 [main] INFO org.springframework.test.context.support.AnnotationConfigContextLoaderUtils -- Could not detect default configuration classes for test class [br.senac.go.AppTest]: AppTest does not declare any static, non-private, non-final, nested classes annotated with @Configuration.
21:00:18.032 [main] INFO org.springframework.boot.test.context.SpringBootTestContextBootstrapper -- Found @SpringBootConfiguration br.senac.go.App for test class br.senac.go.AppTest
   ____           _                _____ _                            _           
  / ___| ___  ___| |_ __ _  ___   |  ___(_)_ __   __ _ _ __   ___ ___(_)_ __ __ _ 
 | |  _ / _ \/ __| __/ _` |/ _ \  | |_  | | '_ \ / _` | '_ \ / __/ _ \ | '__/ _` |
 | |_| |  __/\__ \ || (_| | (_) | |  _| | | | | | (_| | | | | (_|  __/ | | | (_| |
  \____|\___||___/\__\__,_|\___/  |_|   |_|_| |_|\__,_|_| |_|\___\___|_|_|  \__,_|

  gestao-financeira 1.0-SNAPSHOT
  Powered by Spring Boot 3.1.3
&amp#27;[2m2023-10-06T21:00:18.503-03:00&amp#27;[0;39m &amp#27;[32m INFO&amp#27;[0;39m &amp#27;[35m2380&amp#27;[0;39m &amp#27;[2m---&amp#27;[0;39m &amp#27;[2m[           main]&amp#27;[0;39m &amp#27;[36mbr.senac.go.AppTest                     &amp#27;[0;39m &amp#27;[2m:&amp#27;[0;39m Starting AppTest using Java 18.0.1.1 with PID 2380 (started by Aluno in C:\Users\Aluno\Desktop\ambiente\projeto\gestao-financeira-senac)
&amp#27;[2m2023-10-06T21:00:18.504-03:00&amp#27;[0;39m &amp#27;[32mDEBUG&amp#27;[0;39m &amp#27;[35m2380&amp#27;[0;39m &amp#27;[2m---&amp#27;[0;39m &amp#27;[2m[           main]&amp#27;[0;39m &amp#27;[36mbr.senac.go.AppTest                     &amp#27;[0;39m &amp#27;[2m:&amp#27;[0;39m Running with Spring Boot v3.1.3, Spring v6.0.11
&amp#27;[2m2023-10-06T21:00:18.504-03:00&amp#27;[0;39m &amp#27;[32m INFO&amp#27;[0;39m &amp#27;[35m2380&amp#27;[0;39m &amp#27;[2m---&amp#27;[0;39m &amp#27;[2m[           main]&amp#27;[0;39m &amp#27;[36mbr.senac.go.AppTest                     &amp#27;[0;39m &amp#27;[2m:&amp#27;[0;39m No active profile set, falling back to 1 default profile: "default"
&amp#27;[2m2023-10-06T21:00:19.309-03:00&amp#27;[0;39m &amp#27;[32m INFO&amp#27;[0;39m &amp#27;[35m2380&amp#27;[0;39m &amp#27;[2m---&amp#27;[0;39m &amp#27;[2m[           main]&amp#27;[0;39m &amp#27;[36m.s.d.r.c.RepositoryConfigurationDelegate&amp#27;[0;39m &amp#27;[2m:&amp#27;[0;39m Bootstrapping Spring Data JPA repositories in DEFAULT mode.
&amp#27;[2m2023-10-06T21:00:19.338-03:00&amp#27;[0;39m &amp#27;[32m INFO&amp#27;[0;39m &amp#27;[35m2380&amp#27;[0;39m &amp#27;[2m---&amp#27;[0;39m &amp#27;[2m[           main]&amp#27;[0;39m &amp#27;[36m.s.d.r.c.RepositoryConfigurationDelegate&amp#27;[0;39m &amp#27;[2m:&amp#27;[0;39m Finished Spring Data repository scanning in 18 ms. Found 0 JPA repository interfaces.
&amp#27;[2m2023-10-06T21:00:19.776-03:00&amp#27;[0;39m &amp#27;[32m INFO&amp#27;[0;39m &amp#27;[35m2380&amp#27;[0;39m &amp#27;[2m---&amp#27;[0;39m &amp#27;[2m[           main]&amp#27;[0;39m &amp#27;[36mo.hibernate.jpa.internal.util.LogHelper &amp#27;[0;39m &amp#27;[2m:&amp#27;[0;39m HHH000204: Processing PersistenceUnitInfo [name: default]
&amp#27;[2m2023-10-06T21:00:19.846-03:00&amp#27;[0;39m &amp#27;[32m INFO&amp#27;[0;39m &amp#27;[35m2380&amp#27;[0;39m &amp#27;[2m---&amp#27;[0;39m &amp#27;[2m[           main]&amp#27;[0;39m &amp#27;[36morg.hibernate.Version                   &amp#27;[0;39m &amp#27;[2m:&amp#27;[0;39m HHH000412: Hibernate ORM core version 6.2.7.Final
&amp#27;[2m2023-10-06T21:00:19.848-03:00&amp#27;[0;39m &amp#27;[32m INFO&amp#27;[0;39m &amp#27;[35m2380&amp#27;[0;39m &amp#27;[2m---&amp#27;[0;39m &amp#27;[2m[           main]&amp#27;[0;39m &amp#27;[36morg.hibernate.cfg.Environment           &amp#27;[0;39m &amp#27;[2m:&amp#27;[0;39m HHH000406: Using bytecode reflection optimizer
&amp#27;[2m2023-10-06T21:00:20.033-03:00&amp#27;[0;39m &amp#27;[32m INFO&amp#27;[0;39m &amp#27;[35m2380&amp#27;[0;39m &amp#27;[2m---&amp#27;[0;39m &amp#27;[2m[           main]&amp#27;[0;39m &amp#27;[36mo.h.b.i.BytecodeProviderInitiator       &amp#27;[0;39m &amp#27;[2m:&amp#27;[0;39m HHH000021: Bytecode provider name : bytebuddy
&amp#27;[2m2023-10-06T21:00:20.174-03:00&amp#27;[0;39m &amp#27;[32m INFO&amp#27;[0;39m &amp#27;[35m2380&amp#27;[0;39m &amp#27;[2m---&amp#27;[0;39m &amp#27;[2m[           main]&amp#27;[0;39m &amp#27;[36mo.s.o.j.p.SpringPersistenceUnitInfo     &amp#27;[0;39m &amp#27;[2m:&amp#27;[0;39m No LoadTimeWeaver setup: ignoring JPA class transformer
&amp#27;[2m2023-10-06T21:00:20.191-03:00&amp#27;[0;39m &amp#27;[32m INFO&amp#27;[0;39m &amp#27;[35m2380&amp#27;[0;39m &amp#27;[2m---&amp#27;[0;39m &amp#27;[2m[           main]&amp#27;[0;39m &amp#27;[36mcom.zaxxer.hikari.HikariDataSource      &amp#27;[0;39m &amp#27;[2m:&amp#27;[0;39m HikariPool-1 - Starting...
&amp#27;[2m2023-10-06T21:00:20.394-03:00&amp#27;[0;39m &amp#27;[32m INFO&amp#27;[0;39m &amp#27;[35m2380&amp#27;[0;39m &amp#27;[2m---&amp#27;[0;39m &amp#27;[2m[           main]&amp#27;[0;39m &amp#27;[36mcom.zaxxer.hikari.pool.HikariPool       &amp#27;[0;39m &amp#27;[2m:&amp#27;[0;39m HikariPool-1 - Added connection conn0: url=jdbc:h2:mem:testdb user=SA
&amp#27;[2m2023-10-06T21:00:20.396-03:00&amp#27;[0;39m &amp#27;[32m INFO&amp#27;[0;39m &amp#27;[35m2380&amp#27;[0;39m &amp#27;[2m---&amp#27;[0;39m &amp#27;[2m[           main]&amp#27;[0;39m &amp#27;[36mcom.zaxxer.hikari.HikariDataSource      &amp#27;[0;39m &amp#27;[2m:&amp#27;[0;39m HikariPool-1 - Start completed.
&amp#27;[2m2023-10-06T21:00:20.725-03:00&amp#27;[0;39m &amp#27;[32m INFO&amp#27;[0;39m &amp#27;[35m2380&amp#27;[0;39m &amp#27;[2m---&amp#27;[0;39m &amp#27;[2m[           main]&amp#27;[0;39m &amp#27;[36mo.h.b.i.BytecodeProviderInitiator       &amp#27;[0;39m &amp#27;[2m:&amp#27;[0;39m HHH000021: Bytecode provider name : bytebuddy
&amp#27;[2m2023-10-06T21:00:21.366-03:00&amp#27;[0;39m &amp#27;[32m INFO&amp#27;[0;39m &amp#27;[35m2380&amp#27;[0;39m &amp#27;[2m---&amp#27;[0;39m &amp#27;[2m[           main]&amp#27;[0;39m &amp#27;[36mo.h.e.t.j.p.i.JtaPlatformInitiator      &amp#27;[0;39m &amp#27;[2m:&amp#27;[0;39m HHH000490: Using JtaPlatform implementation: [org.hibernate.engine.transaction.jta.platform.internal.NoJtaPlatform]
Hibernate: create table carteira (id integer not null, descricao varchar(200), nome varchar(100) not null, primary key (id))
Hibernate: create table carteira_pessoas (carteira_id integer not null, pessoas_id integer not null)
Hibernate: create table conta (id integer not null, data_fim timestamp(6), data_inicio timestamp(6) not null, descricao varchar(255) not null, limite_conta numeric(38,2) not null, primary key (id))
Hibernate: create table conta_tipo_conta (conta_id integer not null, tipo_conta_id integer not null)
Hibernate: create table investimento (id integer not null, data_fim timestamp(6), data_inicio timestamp(6) not null, descricao varchar(255) not null, saldo numeric(38,2) not null, valor_inicial numeric(38,2) not null, primary key (id))
Hibernate: create table investimento_tipo_investimento (investimento_id integer not null, tipo_investimento_id integer not null)
Hibernate: create table pessoa (id integer not null, endereco varchar(255), nome varchar(120) not null, carteira_id integer, primary key (id))
Hibernate: create table tipoconta (id integer not null, data_fim timestamp(6), data_inicio timestamp(6) not null, descricao varchar(255) not null, conta_id integer, primary key (id))
Hibernate: create table tipoinvestimento (id integer not null, data_fim timestamp(6), data_inicio timestamp(6) not null, descricao varchar(255) not null, risco boolean not null, investimento_id integer, primary key (id))
Hibernate: alter table if exists carteira_pessoas drop constraint if exists UK_pnbq90m8b518mc8hvr774v57e
Hibernate: alter table if exists carteira_pessoas add constraint UK_pnbq90m8b518mc8hvr774v57e unique (pessoas_id)
Hibernate: alter table if exists conta_tipo_conta drop constraint if exists UK_1ev3gwmmlcxc8psxa5ec7g7so
Hibernate: alter table if exists conta_tipo_conta add constraint UK_1ev3gwmmlcxc8psxa5ec7g7so unique (tipo_conta_id)
Hibernate: alter table if exists investimento_tipo_investimento drop constraint if exists UK_irjcvn8n47f6a70k61kdcb318
Hibernate: alter table if exists investimento_tipo_investimento add constraint UK_irjcvn8n47f6a70k61kdcb318 unique (tipo_investimento_id)
Hibernate: create sequence carteira_seq start with 1 increment by 50
Hibernate: create sequence conta_seq start with 1 increment by 50
Hibernate: create sequence investimento_seq start with 1 increment by 50
Hibernate: create sequence pessoa_seq start with 1 increment by 50
Hibernate: create sequence tipoconta_seq start with 1 increment by 50
Hibernate: create sequence tipoinvestimento_seq start with 1 increment by 50
Hibernate: alter table if exists carteira_pessoas add constraint FKn9q5g51ssqmufy1gs7wnsy28p foreign key (pessoas_id) references pessoa
Hibernate: alter table if exists carteira_pessoas add constraint FKlpbv0g0okjiaxip3leedrv431 foreign key (carteira_id) references carteira
Hibernate: alter table if exists conta_tipo_conta add constraint FKj928u1c61x2sofnl63jjn66i7 foreign key (tipo_conta_id) references tipoconta
Hibernate: alter table if exists conta_tipo_conta add constraint FK6sujn9ss6luf179kuh1ear2vk foreign key (conta_id) references conta
Hibernate: alter table if exists investimento_tipo_investimento add constraint FKdshsyld2h0fsa5e0jr4am75ai foreign key (tipo_investimento_id) references tipoinvestimento
Hibernate: alter table if exists investimento_tipo_investimento add constraint FKm572jm4tbin5o0opw5c0hl6bc foreign key (investimento_id) references investimento
Hibernate: alter table if exists pessoa add constraint FKpbb57004o39eiutg4ndj90gkw foreign key (carteira_id) references carteira
Hibernate: alter table if exists tipoconta add constraint FKaexvuc91goa6753grjktvs93q foreign key (conta_id) references conta
Hibernate: alter table if exists tipoinvestimento add constraint FK2f1l9n5l5xpb76t6x3qed01c1 foreign key (investimento_id) references investimento
&amp#27;[2m2023-10-06T21:00:21.433-03:00&amp#27;[0;39m &amp#27;[32m INFO&amp#27;[0;39m &amp#27;[35m2380&amp#27;[0;39m &amp#27;[2m---&amp#27;[0;39m &amp#27;[2m[           main]&amp#27;[0;39m &amp#27;[36mj.LocalContainerEntityManagerFactoryBean&amp#27;[0;39m &amp#27;[2m:&amp#27;[0;39m Initialized JPA EntityManagerFactory for persistence unit 'default'
&amp#27;[2m2023-10-06T21:00:22.277-03:00&amp#27;[0;39m &amp#27;[32m INFO&amp#27;[0;39m &amp#27;[35m2380&amp#27;[0;39m &amp#27;[2m---&amp#27;[0;39m &amp#27;[2m[           main]&amp#27;[0;39m &amp#27;[36mo.s.b.a.h2.H2ConsoleAutoConfiguration   &amp#27;[0;39m &amp#27;[2m:&amp#27;[0;39m H2 console available at '/h2-console'. Database available at 'jdbc:h2:mem:testdb'
&amp#27;[2m2023-10-06T21:00:22.332-03:00&amp#27;[0;39m &amp#27;[32m INFO&amp#27;[0;39m &amp#27;[35m2380&amp#27;[0;39m &amp#27;[2m---&amp#27;[0;39m &amp#27;[2m[           main]&amp#27;[0;39m &amp#27;[36mbr.senac.go.AppTest                     &amp#27;[0;39m &amp#27;[2m:&amp#27;[0;39m Started AppTest in 4.151 seconds (process running for 5.12)
]]></system-out>
  </testcase>
</testsuite>